[31merror[39m: [CreateMappingConfig] uncaughtException: a[i].replace is not a function 
{
  date: [32m'Sun Oct 15 2023 08:40:39 GMT+0500 (GMT+05:00)'[39m,
  process: {
    pid: [33m65446[39m,
    uid: [33m501[39m,
    gid: [33m20[39m,
    cwd: [32m'/Users/mensenvau/Projects/tech_award/back-end'[39m,
    execPath: [32m'/opt/homebrew/Cellar/node/20.8.0/bin/node'[39m,
    version: [32m'v20.8.0'[39m,
    argv: [
      [32m'/opt/homebrew/Cellar/node/20.8.0/bin/node'[39m,
      [32m'/Users/mensenvau/Projects/tech_award/back-end/app.js'[39m
    ],
    memoryUsage: {
      rss: [33m62357504[39m,
      heapTotal: [33m37060608[39m,
      heapUsed: [33m21546640[39m,
      external: [33m2562378[39m,
      arrayBuffers: [33m299889[39m
    }
  },
  os: {
    loadavg: [ [33m1.93603515625[39m, [33m1.83203125[39m, [33m1.5830078125[39m ],
    uptime: [33m389101[39m
  },
  trace: [
    {
      column: [33m25[39m,
      file: [32m'/Users/mensenvau/Projects/tech_award/back-end/node_modules/helper-clockmaker/Helper.js'[39m,
      function: [32m'Object.cleanArray'[39m,
      line: [33m65[39m,
      method: [32m'cleanArray'[39m,
      native: [33mfalse[39m
    },
    {
      column: [33m14[39m,
      file: [32m'/Users/mensenvau/Projects/tech_award/back-end/node_modules/sentence-similarity/SentenceSimilarity.js'[39m,
      function: [32m'similarity'[39m,
      line: [33m216[39m,
      method: [1mnull[22m,
      native: [33mfalse[39m
    },
    {
      column: [33m50[39m,
      file: [32m'/Users/mensenvau/Projects/tech_award/back-end/function/nlp.js'[39m,
      function: [32m'reComment'[39m,
      line: [33m17[39m,
      method: [1mnull[22m,
      native: [33mfalse[39m
    },
    {
      column: [33m12[39m,
      file: [32m'/Users/mensenvau/Projects/tech_award/back-end/function/nlp.js'[39m,
      function: [32m'checkMatch'[39m,
      line: [33m51[39m,
      method: [1mnull[22m,
      native: [33mfalse[39m
    },
    {
      column: [33m5[39m,
      file: [32m'node:internal/process/task_queues'[39m,
      function: [32m'process.processTicksAndRejections'[39m,
      line: [33m95[39m,
      method: [32m'processTicksAndRejections'[39m,
      native: [33mfalse[39m
    }
  ],
  stack: [
    [32m'TypeError: a[i].replace is not a function'[39m,
    [32m'    at Object.cleanArray (/Users/mensenvau/Projects/tech_award/back-end/node_modules/helper-clockmaker/Helper.js:65:25)'[39m,
    [32m'    at similarity (/Users/mensenvau/Projects/tech_award/back-end/node_modules/sentence-similarity/SentenceSimilarity.js:216:14)'[39m,
    [32m'    at reComment (/Users/mensenvau/Projects/tech_award/back-end/function/nlp.js:17:50)'[39m,
    [32m'    at checkMatch (/Users/mensenvau/Projects/tech_award/back-end/function/nlp.js:51:12)'[39m,
    [32m'    at process.processTicksAndRejections (node:internal/process/task_queues:95:5)'[39m
  ]
}
[31merror[39m: [Helper] uncaughtException: a[i].replace is not a function 
{
  date: [32m'Sun Oct 15 2023 08:40:39 GMT+0500 (GMT+05:00)'[39m,
  process: {
    pid: [33m65446[39m,
    uid: [33m501[39m,
    gid: [33m20[39m,
    cwd: [32m'/Users/mensenvau/Projects/tech_award/back-end'[39m,
    execPath: [32m'/opt/homebrew/Cellar/node/20.8.0/bin/node'[39m,
    version: [32m'v20.8.0'[39m,
    argv: [
      [32m'/opt/homebrew/Cellar/node/20.8.0/bin/node'[39m,
      [32m'/Users/mensenvau/Projects/tech_award/back-end/app.js'[39m
    ],
    memoryUsage: {
      rss: [33m62734336[39m,
      heapTotal: [33m37060608[39m,
      heapUsed: [33m21646752[39m,
      external: [33m2562442[39m,
      arrayBuffers: [33m299913[39m
    }
  },
  os: {
    loadavg: [ [33m1.93603515625[39m, [33m1.83203125[39m, [33m1.5830078125[39m ],
    uptime: [33m389101[39m
  },
  trace: [
    {
      column: [33m25[39m,
      file: [32m'/Users/mensenvau/Projects/tech_award/back-end/node_modules/helper-clockmaker/Helper.js'[39m,
      function: [32m'Object.cleanArray'[39m,
      line: [33m65[39m,
      method: [32m'cleanArray'[39m,
      native: [33mfalse[39m
    },
    {
      column: [33m14[39m,
      file: [32m'/Users/mensenvau/Projects/tech_award/back-end/node_modules/sentence-similarity/SentenceSimilarity.js'[39m,
      function: [32m'similarity'[39m,
      line: [33m216[39m,
      method: [1mnull[22m,
      native: [33mfalse[39m
    },
    {
      column: [33m50[39m,
      file: [32m'/Users/mensenvau/Projects/tech_award/back-end/function/nlp.js'[39m,
      function: [32m'reComment'[39m,
      line: [33m17[39m,
      method: [1mnull[22m,
      native: [33mfalse[39m
    },
    {
      column: [33m12[39m,
      file: [32m'/Users/mensenvau/Projects/tech_award/back-end/function/nlp.js'[39m,
      function: [32m'checkMatch'[39m,
      line: [33m51[39m,
      method: [1mnull[22m,
      native: [33mfalse[39m
    },
    {
      column: [33m5[39m,
      file: [32m'node:internal/process/task_queues'[39m,
      function: [32m'process.processTicksAndRejections'[39m,
      line: [33m95[39m,
      method: [32m'processTicksAndRejections'[39m,
      native: [33mfalse[39m
    }
  ],
  stack: [
    [32m'TypeError: a[i].replace is not a function'[39m,
    [32m'    at Object.cleanArray (/Users/mensenvau/Projects/tech_award/back-end/node_modules/helper-clockmaker/Helper.js:65:25)'[39m,
    [32m'    at similarity (/Users/mensenvau/Projects/tech_award/back-end/node_modules/sentence-similarity/SentenceSimilarity.js:216:14)'[39m,
    [32m'    at reComment (/Users/mensenvau/Projects/tech_award/back-end/function/nlp.js:17:50)'[39m,
    [32m'    at checkMatch (/Users/mensenvau/Projects/tech_award/back-end/function/nlp.js:51:12)'[39m,
    [32m'    at process.processTicksAndRejections (node:internal/process/task_queues:95:5)'[39m
  ]
}
[31merror[39m: [SbEvent] uncaughtException: a[i].replace is not a function 
{
  date: [32m'Sun Oct 15 2023 08:40:39 GMT+0500 (GMT+05:00)'[39m,
  process: {
    pid: [33m65446[39m,
    uid: [33m501[39m,
    gid: [33m20[39m,
    cwd: [32m'/Users/mensenvau/Projects/tech_award/back-end'[39m,
    execPath: [32m'/opt/homebrew/Cellar/node/20.8.0/bin/node'[39m,
    version: [32m'v20.8.0'[39m,
    argv: [
      [32m'/opt/homebrew/Cellar/node/20.8.0/bin/node'[39m,
      [32m'/Users/mensenvau/Projects/tech_award/back-end/app.js'[39m
    ],
    memoryUsage: {
      rss: [33m62865408[39m,
      heapTotal: [33m37060608[39m,
      heapUsed: [33m21728952[39m,
      external: [33m2562442[39m,
      arrayBuffers: [33m299913[39m
    }
  },
  os: {
    loadavg: [ [33m1.93603515625[39m, [33m1.83203125[39m, [33m1.5830078125[39m ],
    uptime: [33m389101[39m
  },
  trace: [
    {
      column: [33m25[39m,
      file: [32m'/Users/mensenvau/Projects/tech_award/back-end/node_modules/helper-clockmaker/Helper.js'[39m,
      function: [32m'Object.cleanArray'[39m,
      line: [33m65[39m,
      method: [32m'cleanArray'[39m,
      native: [33mfalse[39m
    },
    {
      column: [33m14[39m,
      file: [32m'/Users/mensenvau/Projects/tech_award/back-end/node_modules/sentence-similarity/SentenceSimilarity.js'[39m,
      function: [32m'similarity'[39m,
      line: [33m216[39m,
      method: [1mnull[22m,
      native: [33mfalse[39m
    },
    {
      column: [33m50[39m,
      file: [32m'/Users/mensenvau/Projects/tech_award/back-end/function/nlp.js'[39m,
      function: [32m'reComment'[39m,
      line: [33m17[39m,
      method: [1mnull[22m,
      native: [33mfalse[39m
    },
    {
      column: [33m12[39m,
      file: [32m'/Users/mensenvau/Projects/tech_award/back-end/function/nlp.js'[39m,
      function: [32m'checkMatch'[39m,
      line: [33m51[39m,
      method: [1mnull[22m,
      native: [33mfalse[39m
    },
    {
      column: [33m5[39m,
      file: [32m'node:internal/process/task_queues'[39m,
      function: [32m'process.processTicksAndRejections'[39m,
      line: [33m95[39m,
      method: [32m'processTicksAndRejections'[39m,
      native: [33mfalse[39m
    }
  ],
  stack: [
    [32m'TypeError: a[i].replace is not a function'[39m,
    [32m'    at Object.cleanArray (/Users/mensenvau/Projects/tech_award/back-end/node_modules/helper-clockmaker/Helper.js:65:25)'[39m,
    [32m'    at similarity (/Users/mensenvau/Projects/tech_award/back-end/node_modules/sentence-similarity/SentenceSimilarity.js:216:14)'[39m,
    [32m'    at reComment (/Users/mensenvau/Projects/tech_award/back-end/function/nlp.js:17:50)'[39m,
    [32m'    at checkMatch (/Users/mensenvau/Projects/tech_award/back-end/function/nlp.js:51:12)'[39m,
    [32m'    at process.processTicksAndRejections (node:internal/process/task_queues:95:5)'[39m
  ]
}
[31merror[39m: [ExitHandler] uncaughtException: a[i].replace is not a function 
{
  date: [32m'Sun Oct 15 2023 08:40:39 GMT+0500 (GMT+05:00)'[39m,
  process: {
    pid: [33m65446[39m,
    uid: [33m501[39m,
    gid: [33m20[39m,
    cwd: [32m'/Users/mensenvau/Projects/tech_award/back-end'[39m,
    execPath: [32m'/opt/homebrew/Cellar/node/20.8.0/bin/node'[39m,
    version: [32m'v20.8.0'[39m,
    argv: [
      [32m'/opt/homebrew/Cellar/node/20.8.0/bin/node'[39m,
      [32m'/Users/mensenvau/Projects/tech_award/back-end/app.js'[39m
    ],
    memoryUsage: {
      rss: [33m62881792[39m,
      heapTotal: [33m37060608[39m,
      heapUsed: [33m21811448[39m,
      external: [33m2562442[39m,
      arrayBuffers: [33m299913[39m
    }
  },
  os: {
    loadavg: [ [33m1.93603515625[39m, [33m1.83203125[39m, [33m1.5830078125[39m ],
    uptime: [33m389101[39m
  },
  trace: [
    {
      column: [33m25[39m,
      file: [32m'/Users/mensenvau/Projects/tech_award/back-end/node_modules/helper-clockmaker/Helper.js'[39m,
      function: [32m'Object.cleanArray'[39m,
      line: [33m65[39m,
      method: [32m'cleanArray'[39m,
      native: [33mfalse[39m
    },
    {
      column: [33m14[39m,
      file: [32m'/Users/mensenvau/Projects/tech_award/back-end/node_modules/sentence-similarity/SentenceSimilarity.js'[39m,
      function: [32m'similarity'[39m,
      line: [33m216[39m,
      method: [1mnull[22m,
      native: [33mfalse[39m
    },
    {
      column: [33m50[39m,
      file: [32m'/Users/mensenvau/Projects/tech_award/back-end/function/nlp.js'[39m,
      function: [32m'reComment'[39m,
      line: [33m17[39m,
      method: [1mnull[22m,
      native: [33mfalse[39m
    },
    {
      column: [33m12[39m,
      file: [32m'/Users/mensenvau/Projects/tech_award/back-end/function/nlp.js'[39m,
      function: [32m'checkMatch'[39m,
      line: [33m51[39m,
      method: [1mnull[22m,
      native: [33mfalse[39m
    },
    {
      column: [33m5[39m,
      file: [32m'node:internal/process/task_queues'[39m,
      function: [32m'process.processTicksAndRejections'[39m,
      line: [33m95[39m,
      method: [32m'processTicksAndRejections'[39m,
      native: [33mfalse[39m
    }
  ],
  stack: [
    [32m'TypeError: a[i].replace is not a function'[39m,
    [32m'    at Object.cleanArray (/Users/mensenvau/Projects/tech_award/back-end/node_modules/helper-clockmaker/Helper.js:65:25)'[39m,
    [32m'    at similarity (/Users/mensenvau/Projects/tech_award/back-end/node_modules/sentence-similarity/SentenceSimilarity.js:216:14)'[39m,
    [32m'    at reComment (/Users/mensenvau/Projects/tech_award/back-end/function/nlp.js:17:50)'[39m,
    [32m'    at checkMatch (/Users/mensenvau/Projects/tech_award/back-end/function/nlp.js:51:12)'[39m,
    [32m'    at process.processTicksAndRejections (node:internal/process/task_queues:95:5)'[39m
  ]
}
[31merror[39m: [CreateMappingConfig] uncaughtException: a[i].replace is not a function 
{
  date: [32m'Sun Oct 15 2023 08:41:11 GMT+0500 (GMT+05:00)'[39m,
  process: {
    pid: [33m65672[39m,
    uid: [33m501[39m,
    gid: [33m20[39m,
    cwd: [32m'/Users/mensenvau/Projects/tech_award/back-end'[39m,
    execPath: [32m'/opt/homebrew/Cellar/node/20.8.0/bin/node'[39m,
    version: [32m'v20.8.0'[39m,
    argv: [
      [32m'/opt/homebrew/Cellar/node/20.8.0/bin/node'[39m,
      [32m'/Users/mensenvau/Projects/tech_award/back-end/app.js'[39m
    ],
    memoryUsage: {
      rss: [33m58425344[39m,
      heapTotal: [33m36536320[39m,
      heapUsed: [33m21825592[39m,
      external: [33m2563275[39m,
      arrayBuffers: [33m300786[39m
    }
  },
  os: { loadavg: [ [33m2.36328125[39m, [33m1.9296875[39m, [33m1.62548828125[39m ], uptime: [33m389133[39m },
  trace: [
    {
      column: [33m25[39m,
      file: [32m'/Users/mensenvau/Projects/tech_award/back-end/node_modules/helper-clockmaker/Helper.js'[39m,
      function: [32m'Object.cleanArray'[39m,
      line: [33m65[39m,
      method: [32m'cleanArray'[39m,
      native: [33mfalse[39m
    },
    {
      column: [33m14[39m,
      file: [32m'/Users/mensenvau/Projects/tech_award/back-end/node_modules/sentence-similarity/SentenceSimilarity.js'[39m,
      function: [32m'similarity'[39m,
      line: [33m216[39m,
      method: [1mnull[22m,
      native: [33mfalse[39m
    },
    {
      column: [33m50[39m,
      file: [32m'/Users/mensenvau/Projects/tech_award/back-end/function/nlp.js'[39m,
      function: [32m'reComment'[39m,
      line: [33m17[39m,
      method: [1mnull[22m,
      native: [33mfalse[39m
    },
    {
      column: [33m12[39m,
      file: [32m'/Users/mensenvau/Projects/tech_award/back-end/function/nlp.js'[39m,
      function: [32m'checkMatch'[39m,
      line: [33m51[39m,
      method: [1mnull[22m,
      native: [33mfalse[39m
    },
    {
      column: [33m5[39m,
      file: [32m'node:internal/process/task_queues'[39m,
      function: [32m'process.processTicksAndRejections'[39m,
      line: [33m95[39m,
      method: [32m'processTicksAndRejections'[39m,
      native: [33mfalse[39m
    }
  ],
  stack: [
    [32m'TypeError: a[i].replace is not a function'[39m,
    [32m'    at Object.cleanArray (/Users/mensenvau/Projects/tech_award/back-end/node_modules/helper-clockmaker/Helper.js:65:25)'[39m,
    [32m'    at similarity (/Users/mensenvau/Projects/tech_award/back-end/node_modules/sentence-similarity/SentenceSimilarity.js:216:14)'[39m,
    [32m'    at reComment (/Users/mensenvau/Projects/tech_award/back-end/function/nlp.js:17:50)'[39m,
    [32m'    at checkMatch (/Users/mensenvau/Projects/tech_award/back-end/function/nlp.js:51:12)'[39m,
    [32m'    at process.processTicksAndRejections (node:internal/process/task_queues:95:5)'[39m
  ]
}
[31merror[39m: [Helper] uncaughtException: a[i].replace is not a function 
{
  date: [32m'Sun Oct 15 2023 08:41:11 GMT+0500 (GMT+05:00)'[39m,
  process: {
    pid: [33m65672[39m,
    uid: [33m501[39m,
    gid: [33m20[39m,
    cwd: [32m'/Users/mensenvau/Projects/tech_award/back-end'[39m,
    execPath: [32m'/opt/homebrew/Cellar/node/20.8.0/bin/node'[39m,
    version: [32m'v20.8.0'[39m,
    argv: [
      [32m'/opt/homebrew/Cellar/node/20.8.0/bin/node'[39m,
      [32m'/Users/mensenvau/Projects/tech_award/back-end/app.js'[39m
    ],
    memoryUsage: {
      rss: [33m59015168[39m,
      heapTotal: [33m36798464[39m,
      heapUsed: [33m22198896[39m,
      external: [33m2563339[39m,
      arrayBuffers: [33m300810[39m
    }
  },
  os: { loadavg: [ [33m2.36328125[39m, [33m1.9296875[39m, [33m1.62548828125[39m ], uptime: [33m389133[39m },
  trace: [
    {
      column: [33m25[39m,
      file: [32m'/Users/mensenvau/Projects/tech_award/back-end/node_modules/helper-clockmaker/Helper.js'[39m,
      function: [32m'Object.cleanArray'[39m,
      line: [33m65[39m,
      method: [32m'cleanArray'[39m,
      native: [33mfalse[39m
    },
    {
      column: [33m14[39m,
      file: [32m'/Users/mensenvau/Projects/tech_award/back-end/node_modules/sentence-similarity/SentenceSimilarity.js'[39m,
      function: [32m'similarity'[39m,
      line: [33m216[39m,
      method: [1mnull[22m,
      native: [33mfalse[39m
    },
    {
      column: [33m50[39m,
      file: [32m'/Users/mensenvau/Projects/tech_award/back-end/function/nlp.js'[39m,
      function: [32m'reComment'[39m,
      line: [33m17[39m,
      method: [1mnull[22m,
      native: [33mfalse[39m
    },
    {
      column: [33m12[39m,
      file: [32m'/Users/mensenvau/Projects/tech_award/back-end/function/nlp.js'[39m,
      function: [32m'checkMatch'[39m,
      line: [33m51[39m,
      method: [1mnull[22m,
      native: [33mfalse[39m
    },
    {
      column: [33m5[39m,
      file: [32m'node:internal/process/task_queues'[39m,
      function: [32m'process.processTicksAndRejections'[39m,
      line: [33m95[39m,
      method: [32m'processTicksAndRejections'[39m,
      native: [33mfalse[39m
    }
  ],
  stack: [
    [32m'TypeError: a[i].replace is not a function'[39m,
    [32m'    at Object.cleanArray (/Users/mensenvau/Projects/tech_award/back-end/node_modules/helper-clockmaker/Helper.js:65:25)'[39m,
    [32m'    at similarity (/Users/mensenvau/Projects/tech_award/back-end/node_modules/sentence-similarity/SentenceSimilarity.js:216:14)'[39m,
    [32m'    at reComment (/Users/mensenvau/Projects/tech_award/back-end/function/nlp.js:17:50)'[39m,
    [32m'    at checkMatch (/Users/mensenvau/Projects/tech_award/back-end/function/nlp.js:51:12)'[39m,
    [32m'    at process.processTicksAndRejections (node:internal/process/task_queues:95:5)'[39m
  ]
}
[31merror[39m: [SbEvent] uncaughtException: a[i].replace is not a function 
{
  date: [32m'Sun Oct 15 2023 08:41:11 GMT+0500 (GMT+05:00)'[39m,
  process: {
    pid: [33m65672[39m,
    uid: [33m501[39m,
    gid: [33m20[39m,
    cwd: [32m'/Users/mensenvau/Projects/tech_award/back-end'[39m,
    execPath: [32m'/opt/homebrew/Cellar/node/20.8.0/bin/node'[39m,
    version: [32m'v20.8.0'[39m,
    argv: [
      [32m'/opt/homebrew/Cellar/node/20.8.0/bin/node'[39m,
      [32m'/Users/mensenvau/Projects/tech_award/back-end/app.js'[39m
    ],
    memoryUsage: {
      rss: [33m59211776[39m,
      heapTotal: [33m36798464[39m,
      heapUsed: [33m22281064[39m,
      external: [33m2563339[39m,
      arrayBuffers: [33m300810[39m
    }
  },
  os: { loadavg: [ [33m2.36328125[39m, [33m1.9296875[39m, [33m1.62548828125[39m ], uptime: [33m389133[39m },
  trace: [
    {
      column: [33m25[39m,
      file: [32m'/Users/mensenvau/Projects/tech_award/back-end/node_modules/helper-clockmaker/Helper.js'[39m,
      function: [32m'Object.cleanArray'[39m,
      line: [33m65[39m,
      method: [32m'cleanArray'[39m,
      native: [33mfalse[39m
    },
    {
      column: [33m14[39m,
      file: [32m'/Users/mensenvau/Projects/tech_award/back-end/node_modules/sentence-similarity/SentenceSimilarity.js'[39m,
      function: [32m'similarity'[39m,
      line: [33m216[39m,
      method: [1mnull[22m,
      native: [33mfalse[39m
    },
    {
      column: [33m50[39m,
      file: [32m'/Users/mensenvau/Projects/tech_award/back-end/function/nlp.js'[39m,
      function: [32m'reComment'[39m,
      line: [33m17[39m,
      method: [1mnull[22m,
      native: [33mfalse[39m
    },
    {
      column: [33m12[39m,
      file: [32m'/Users/mensenvau/Projects/tech_award/back-end/function/nlp.js'[39m,
      function: [32m'checkMatch'[39m,
      line: [33m51[39m,
      method: [1mnull[22m,
      native: [33mfalse[39m
    },
    {
      column: [33m5[39m,
      file: [32m'node:internal/process/task_queues'[39m,
      function: [32m'process.processTicksAndRejections'[39m,
      line: [33m95[39m,
      method: [32m'processTicksAndRejections'[39m,
      native: [33mfalse[39m
    }
  ],
  stack: [
    [32m'TypeError: a[i].replace is not a function'[39m,
    [32m'    at Object.cleanArray (/Users/mensenvau/Projects/tech_award/back-end/node_modules/helper-clockmaker/Helper.js:65:25)'[39m,
    [32m'    at similarity (/Users/mensenvau/Projects/tech_award/back-end/node_modules/sentence-similarity/SentenceSimilarity.js:216:14)'[39m,
    [32m'    at reComment (/Users/mensenvau/Projects/tech_award/back-end/function/nlp.js:17:50)'[39m,
    [32m'    at checkMatch (/Users/mensenvau/Projects/tech_award/back-end/function/nlp.js:51:12)'[39m,
    [32m'    at process.processTicksAndRejections (node:internal/process/task_queues:95:5)'[39m
  ]
}
[31merror[39m: [ExitHandler] uncaughtException: a[i].replace is not a function 
{
  date: [32m'Sun Oct 15 2023 08:41:11 GMT+0500 (GMT+05:00)'[39m,
  process: {
    pid: [33m65672[39m,
    uid: [33m501[39m,
    gid: [33m20[39m,
    cwd: [32m'/Users/mensenvau/Projects/tech_award/back-end'[39m,
    execPath: [32m'/opt/homebrew/Cellar/node/20.8.0/bin/node'[39m,
    version: [32m'v20.8.0'[39m,
    argv: [
      [32m'/opt/homebrew/Cellar/node/20.8.0/bin/node'[39m,
      [32m'/Users/mensenvau/Projects/tech_award/back-end/app.js'[39m
    ],
    memoryUsage: {
      rss: [33m59326464[39m,
      heapTotal: [33m36798464[39m,
      heapUsed: [33m22363624[39m,
      external: [33m2563339[39m,
      arrayBuffers: [33m300810[39m
    }
  },
  os: { loadavg: [ [33m2.36328125[39m, [33m1.9296875[39m, [33m1.62548828125[39m ], uptime: [33m389133[39m },
  trace: [
    {
      column: [33m25[39m,
      file: [32m'/Users/mensenvau/Projects/tech_award/back-end/node_modules/helper-clockmaker/Helper.js'[39m,
      function: [32m'Object.cleanArray'[39m,
      line: [33m65[39m,
      method: [32m'cleanArray'[39m,
      native: [33mfalse[39m
    },
    {
      column: [33m14[39m,
      file: [32m'/Users/mensenvau/Projects/tech_award/back-end/node_modules/sentence-similarity/SentenceSimilarity.js'[39m,
      function: [32m'similarity'[39m,
      line: [33m216[39m,
      method: [1mnull[22m,
      native: [33mfalse[39m
    },
    {
      column: [33m50[39m,
      file: [32m'/Users/mensenvau/Projects/tech_award/back-end/function/nlp.js'[39m,
      function: [32m'reComment'[39m,
      line: [33m17[39m,
      method: [1mnull[22m,
      native: [33mfalse[39m
    },
    {
      column: [33m12[39m,
      file: [32m'/Users/mensenvau/Projects/tech_award/back-end/function/nlp.js'[39m,
      function: [32m'checkMatch'[39m,
      line: [33m51[39m,
      method: [1mnull[22m,
      native: [33mfalse[39m
    },
    {
      column: [33m5[39m,
      file: [32m'node:internal/process/task_queues'[39m,
      function: [32m'process.processTicksAndRejections'[39m,
      line: [33m95[39m,
      method: [32m'processTicksAndRejections'[39m,
      native: [33mfalse[39m
    }
  ],
  stack: [
    [32m'TypeError: a[i].replace is not a function'[39m,
    [32m'    at Object.cleanArray (/Users/mensenvau/Projects/tech_award/back-end/node_modules/helper-clockmaker/Helper.js:65:25)'[39m,
    [32m'    at similarity (/Users/mensenvau/Projects/tech_award/back-end/node_modules/sentence-similarity/SentenceSimilarity.js:216:14)'[39m,
    [32m'    at reComment (/Users/mensenvau/Projects/tech_award/back-end/function/nlp.js:17:50)'[39m,
    [32m'    at checkMatch (/Users/mensenvau/Projects/tech_award/back-end/function/nlp.js:51:12)'[39m,
    [32m'    at process.processTicksAndRejections (node:internal/process/task_queues:95:5)'[39m
  ]
}
[31merror[39m: [CreateMappingConfig] uncaughtException: a[i].replace is not a function 
{
  date: [32m'Sun Oct 15 2023 08:41:22 GMT+0500 (GMT+05:00)'[39m,
  process: {
    pid: [33m65743[39m,
    uid: [33m501[39m,
    gid: [33m20[39m,
    cwd: [32m'/Users/mensenvau/Projects/tech_award/back-end'[39m,
    execPath: [32m'/opt/homebrew/Cellar/node/20.8.0/bin/node'[39m,
    version: [32m'v20.8.0'[39m,
    argv: [
      [32m'/opt/homebrew/Cellar/node/20.8.0/bin/node'[39m,
      [32m'/Users/mensenvau/Projects/tech_award/back-end/app.js'[39m
    ],
    memoryUsage: {
      rss: [33m54050816[39m,
      heapTotal: [33m37060608[39m,
      heapUsed: [33m22034104[39m,
      external: [33m2563275[39m,
      arrayBuffers: [33m300786[39m
    }
  },
  os: {
    loadavg: [ [33m2.38720703125[39m, [33m1.9482421875[39m, [33m1.63525390625[39m ],
    uptime: [33m389144[39m
  },
  trace: [
    {
      column: [33m25[39m,
      file: [32m'/Users/mensenvau/Projects/tech_award/back-end/node_modules/helper-clockmaker/Helper.js'[39m,
      function: [32m'Object.cleanArray'[39m,
      line: [33m65[39m,
      method: [32m'cleanArray'[39m,
      native: [33mfalse[39m
    },
    {
      column: [33m14[39m,
      file: [32m'/Users/mensenvau/Projects/tech_award/back-end/node_modules/sentence-similarity/SentenceSimilarity.js'[39m,
      function: [32m'similarity'[39m,
      line: [33m216[39m,
      method: [1mnull[22m,
      native: [33mfalse[39m
    },
    {
      column: [33m50[39m,
      file: [32m'/Users/mensenvau/Projects/tech_award/back-end/function/nlp.js'[39m,
      function: [32m'reComment'[39m,
      line: [33m17[39m,
      method: [1mnull[22m,
      native: [33mfalse[39m
    },
    {
      column: [33m12[39m,
      file: [32m'/Users/mensenvau/Projects/tech_award/back-end/function/nlp.js'[39m,
      function: [32m'checkMatch'[39m,
      line: [33m51[39m,
      method: [1mnull[22m,
      native: [33mfalse[39m
    },
    {
      column: [33m5[39m,
      file: [32m'node:internal/process/task_queues'[39m,
      function: [32m'process.processTicksAndRejections'[39m,
      line: [33m95[39m,
      method: [32m'processTicksAndRejections'[39m,
      native: [33mfalse[39m
    }
  ],
  stack: [
    [32m'TypeError: a[i].replace is not a function'[39m,
    [32m'    at Object.cleanArray (/Users/mensenvau/Projects/tech_award/back-end/node_modules/helper-clockmaker/Helper.js:65:25)'[39m,
    [32m'    at similarity (/Users/mensenvau/Projects/tech_award/back-end/node_modules/sentence-similarity/SentenceSimilarity.js:216:14)'[39m,
    [32m'    at reComment (/Users/mensenvau/Projects/tech_award/back-end/function/nlp.js:17:50)'[39m,
    [32m'    at checkMatch (/Users/mensenvau/Projects/tech_award/back-end/function/nlp.js:51:12)'[39m,
    [32m'    at process.processTicksAndRejections (node:internal/process/task_queues:95:5)'[39m
  ]
}
[31merror[39m: [ExitHandler] uncaughtException: a[i].replace is not a function 
{
  date: [32m'Sun Oct 15 2023 08:41:22 GMT+0500 (GMT+05:00)'[39m,
  process: {
    pid: [33m65743[39m,
    uid: [33m501[39m,
    gid: [33m20[39m,
    cwd: [32m'/Users/mensenvau/Projects/tech_award/back-end'[39m,
    execPath: [32m'/opt/homebrew/Cellar/node/20.8.0/bin/node'[39m,
    version: [32m'v20.8.0'[39m,
    argv: [
      [32m'/opt/homebrew/Cellar/node/20.8.0/bin/node'[39m,
      [32m'/Users/mensenvau/Projects/tech_award/back-end/app.js'[39m
    ],
    memoryUsage: {
      rss: [33m54951936[39m,
      heapTotal: [33m37060608[39m,
      heapUsed: [33m22298872[39m,
      external: [33m2563339[39m,
      arrayBuffers: [33m300810[39m
    }
  },
  os: {
    loadavg: [ [33m2.38720703125[39m, [33m1.9482421875[39m, [33m1.63525390625[39m ],
    uptime: [33m389144[39m
  },
  trace: [
    {
      column: [33m25[39m,
      file: [32m'/Users/mensenvau/Projects/tech_award/back-end/node_modules/helper-clockmaker/Helper.js'[39m,
      function: [32m'Object.cleanArray'[39m,
      line: [33m65[39m,
      method: [32m'cleanArray'[39m,
      native: [33mfalse[39m
    },
    {
      column: [33m14[39m,
      file: [32m'/Users/mensenvau/Projects/tech_award/back-end/node_modules/sentence-similarity/SentenceSimilarity.js'[39m,
      function: [32m'similarity'[39m,
      line: [33m216[39m,
      method: [1mnull[22m,
      native: [33mfalse[39m
    },
    {
      column: [33m50[39m,
      file: [32m'/Users/mensenvau/Projects/tech_award/back-end/function/nlp.js'[39m,
      function: [32m'reComment'[39m,
      line: [33m17[39m,
      method: [1mnull[22m,
      native: [33mfalse[39m
    },
    {
      column: [33m12[39m,
      file: [32m'/Users/mensenvau/Projects/tech_award/back-end/function/nlp.js'[39m,
      function: [32m'checkMatch'[39m,
      line: [33m51[39m,
      method: [1mnull[22m,
      native: [33mfalse[39m
    },
    {
      column: [33m5[39m,
      file: [32m'node:internal/process/task_queues'[39m,
      function: [32m'process.processTicksAndRejections'[39m,
      line: [33m95[39m,
      method: [32m'processTicksAndRejections'[39m,
      native: [33mfalse[39m
    }
  ],
  stack: [
    [32m'TypeError: a[i].replace is not a function'[39m,
    [32m'    at Object.cleanArray (/Users/mensenvau/Projects/tech_award/back-end/node_modules/helper-clockmaker/Helper.js:65:25)'[39m,
    [32m'    at similarity (/Users/mensenvau/Projects/tech_award/back-end/node_modules/sentence-similarity/SentenceSimilarity.js:216:14)'[39m,
    [32m'    at reComment (/Users/mensenvau/Projects/tech_award/back-end/function/nlp.js:17:50)'[39m,
    [32m'    at checkMatch (/Users/mensenvau/Projects/tech_award/back-end/function/nlp.js:51:12)'[39m,
    [32m'    at process.processTicksAndRejections (node:internal/process/task_queues:95:5)'[39m
  ]
}
[31merror[39m: [SbEvent] uncaughtException: a[i].replace is not a function 
{
  date: [32m'Sun Oct 15 2023 08:41:22 GMT+0500 (GMT+05:00)'[39m,
  process: {
    pid: [33m65743[39m,
    uid: [33m501[39m,
    gid: [33m20[39m,
    cwd: [32m'/Users/mensenvau/Projects/tech_award/back-end'[39m,
    execPath: [32m'/opt/homebrew/Cellar/node/20.8.0/bin/node'[39m,
    version: [32m'v20.8.0'[39m,
    argv: [
      [32m'/opt/homebrew/Cellar/node/20.8.0/bin/node'[39m,
      [32m'/Users/mensenvau/Projects/tech_award/back-end/app.js'[39m
    ],
    memoryUsage: {
      rss: [33m54870016[39m,
      heapTotal: [33m37060608[39m,
      heapUsed: [33m22216376[39m,
      external: [33m2563339[39m,
      arrayBuffers: [33m300810[39m
    }
  },
  os: {
    loadavg: [ [33m2.38720703125[39m, [33m1.9482421875[39m, [33m1.63525390625[39m ],
    uptime: [33m389144[39m
  },
  trace: [
    {
      column: [33m25[39m,
      file: [32m'/Users/mensenvau/Projects/tech_award/back-end/node_modules/helper-clockmaker/Helper.js'[39m,
      function: [32m'Object.cleanArray'[39m,
      line: [33m65[39m,
      method: [32m'cleanArray'[39m,
      native: [33mfalse[39m
    },
    {
      column: [33m14[39m,
      file: [32m'/Users/mensenvau/Projects/tech_award/back-end/node_modules/sentence-similarity/SentenceSimilarity.js'[39m,
      function: [32m'similarity'[39m,
      line: [33m216[39m,
      method: [1mnull[22m,
      native: [33mfalse[39m
    },
    {
      column: [33m50[39m,
      file: [32m'/Users/mensenvau/Projects/tech_award/back-end/function/nlp.js'[39m,
      function: [32m'reComment'[39m,
      line: [33m17[39m,
      method: [1mnull[22m,
      native: [33mfalse[39m
    },
    {
      column: [33m12[39m,
      file: [32m'/Users/mensenvau/Projects/tech_award/back-end/function/nlp.js'[39m,
      function: [32m'checkMatch'[39m,
      line: [33m51[39m,
      method: [1mnull[22m,
      native: [33mfalse[39m
    },
    {
      column: [33m5[39m,
      file: [32m'node:internal/process/task_queues'[39m,
      function: [32m'process.processTicksAndRejections'[39m,
      line: [33m95[39m,
      method: [32m'processTicksAndRejections'[39m,
      native: [33mfalse[39m
    }
  ],
  stack: [
    [32m'TypeError: a[i].replace is not a function'[39m,
    [32m'    at Object.cleanArray (/Users/mensenvau/Projects/tech_award/back-end/node_modules/helper-clockmaker/Helper.js:65:25)'[39m,
    [32m'    at similarity (/Users/mensenvau/Projects/tech_award/back-end/node_modules/sentence-similarity/SentenceSimilarity.js:216:14)'[39m,
    [32m'    at reComment (/Users/mensenvau/Projects/tech_award/back-end/function/nlp.js:17:50)'[39m,
    [32m'    at checkMatch (/Users/mensenvau/Projects/tech_award/back-end/function/nlp.js:51:12)'[39m,
    [32m'    at process.processTicksAndRejections (node:internal/process/task_queues:95:5)'[39m
  ]
}
[31merror[39m: [Helper] uncaughtException: a[i].replace is not a function 
{
  date: [32m'Sun Oct 15 2023 08:41:22 GMT+0500 (GMT+05:00)'[39m,
  process: {
    pid: [33m65743[39m,
    uid: [33m501[39m,
    gid: [33m20[39m,
    cwd: [32m'/Users/mensenvau/Projects/tech_award/back-end'[39m,
    execPath: [32m'/opt/homebrew/Cellar/node/20.8.0/bin/node'[39m,
    version: [32m'v20.8.0'[39m,
    argv: [
      [32m'/opt/homebrew/Cellar/node/20.8.0/bin/node'[39m,
      [32m'/Users/mensenvau/Projects/tech_award/back-end/app.js'[39m
    ],
    memoryUsage: {
      rss: [33m54607872[39m,
      heapTotal: [33m37060608[39m,
      heapUsed: [33m22134200[39m,
      external: [33m2563339[39m,
      arrayBuffers: [33m300810[39m
    }
  },
  os: {
    loadavg: [ [33m2.38720703125[39m, [33m1.9482421875[39m, [33m1.63525390625[39m ],
    uptime: [33m389144[39m
  },
  trace: [
    {
      column: [33m25[39m,
      file: [32m'/Users/mensenvau/Projects/tech_award/back-end/node_modules/helper-clockmaker/Helper.js'[39m,
      function: [32m'Object.cleanArray'[39m,
      line: [33m65[39m,
      method: [32m'cleanArray'[39m,
      native: [33mfalse[39m
    },
    {
      column: [33m14[39m,
      file: [32m'/Users/mensenvau/Projects/tech_award/back-end/node_modules/sentence-similarity/SentenceSimilarity.js'[39m,
      function: [32m'similarity'[39m,
      line: [33m216[39m,
      method: [1mnull[22m,
      native: [33mfalse[39m
    },
    {
      column: [33m50[39m,
      file: [32m'/Users/mensenvau/Projects/tech_award/back-end/function/nlp.js'[39m,
      function: [32m'reComment'[39m,
      line: [33m17[39m,
      method: [1mnull[22m,
      native: [33mfalse[39m
    },
    {
      column: [33m12[39m,
      file: [32m'/Users/mensenvau/Projects/tech_award/back-end/function/nlp.js'[39m,
      function: [32m'checkMatch'[39m,
      line: [33m51[39m,
      method: [1mnull[22m,
      native: [33mfalse[39m
    },
    {
      column: [33m5[39m,
      file: [32m'node:internal/process/task_queues'[39m,
      function: [32m'process.processTicksAndRejections'[39m,
      line: [33m95[39m,
      method: [32m'processTicksAndRejections'[39m,
      native: [33mfalse[39m
    }
  ],
  stack: [
    [32m'TypeError: a[i].replace is not a function'[39m,
    [32m'    at Object.cleanArray (/Users/mensenvau/Projects/tech_award/back-end/node_modules/helper-clockmaker/Helper.js:65:25)'[39m,
    [32m'    at similarity (/Users/mensenvau/Projects/tech_award/back-end/node_modules/sentence-similarity/SentenceSimilarity.js:216:14)'[39m,
    [32m'    at reComment (/Users/mensenvau/Projects/tech_award/back-end/function/nlp.js:17:50)'[39m,
    [32m'    at checkMatch (/Users/mensenvau/Projects/tech_award/back-end/function/nlp.js:51:12)'[39m,
    [32m'    at process.processTicksAndRejections (node:internal/process/task_queues:95:5)'[39m
  ]
}
[31merror[39m: [CreateMappingConfig] uncaughtException: Server error, MYSQL has an error!, read ECONNRESET 
{
  date: [32m'Sun Oct 15 2023 08:48:24 GMT+0500 (GMT+05:00)'[39m,
  process: {
    pid: [33m68168[39m,
    uid: [33m501[39m,
    gid: [33m20[39m,
    cwd: [32m'/Users/mensenvau/Projects/tech_award/back-end'[39m,
    execPath: [32m'/opt/homebrew/Cellar/node/20.8.0/bin/node'[39m,
    version: [32m'v20.8.0'[39m,
    argv: [
      [32m'/opt/homebrew/Cellar/node/20.8.0/bin/node'[39m,
      [32m'/Users/mensenvau/Projects/tech_award/back-end/app.js'[39m
    ],
    memoryUsage: {
      rss: [33m57262080[39m,
      heapTotal: [33m37076992[39m,
      heapUsed: [33m21960720[39m,
      external: [33m2624549[39m,
      arrayBuffers: [33m427596[39m
    }
  },
  os: {
    loadavg: [ [33m2.59228515625[39m, [33m2.14599609375[39m, [33m1.8466796875[39m ],
    uptime: [33m389566[39m
  },
  trace: [
    {
      column: [33m19[39m,
      file: [32m'/Users/mensenvau/Projects/tech_award/back-end/database/mysql.js'[39m,
      function: [32m'getRow'[39m,
      line: [33m26[39m,
      method: [1mnull[22m,
      native: [33mfalse[39m
    },
    {
      column: [33m5[39m,
      file: [32m'node:internal/process/task_queues'[39m,
      function: [32m'process.processTicksAndRejections'[39m,
      line: [33m95[39m,
      method: [32m'processTicksAndRejections'[39m,
      native: [33mfalse[39m
    },
    {
      column: [33m19[39m,
      file: [32m'/Users/mensenvau/Projects/tech_award/back-end/function/nlp.js'[39m,
      function: [32m'async checkMatch'[39m,
      line: [33m44[39m,
      method: [1mnull[22m,
      native: [33mfalse[39m
    }
  ],
  stack: [
    [32m'Error: Server error, MYSQL has an error!, read ECONNRESET'[39m,
    [32m'    at getRow (/Users/mensenvau/Projects/tech_award/back-end/database/mysql.js:26:19)'[39m,
    [32m'    at process.processTicksAndRejections (node:internal/process/task_queues:95:5)'[39m,
    [32m'    at async checkMatch (/Users/mensenvau/Projects/tech_award/back-end/function/nlp.js:44:19)'[39m
  ]
}
[31merror[39m: [Helper] uncaughtException: Server error, MYSQL has an error!, read ECONNRESET 
{
  date: [32m'Sun Oct 15 2023 08:48:24 GMT+0500 (GMT+05:00)'[39m,
  process: {
    pid: [33m68168[39m,
    uid: [33m501[39m,
    gid: [33m20[39m,
    cwd: [32m'/Users/mensenvau/Projects/tech_award/back-end'[39m,
    execPath: [32m'/opt/homebrew/Cellar/node/20.8.0/bin/node'[39m,
    version: [32m'v20.8.0'[39m,
    argv: [
      [32m'/opt/homebrew/Cellar/node/20.8.0/bin/node'[39m,
      [32m'/Users/mensenvau/Projects/tech_award/back-end/app.js'[39m
    ],
    memoryUsage: {
      rss: [33m57769984[39m,
      heapTotal: [33m37076992[39m,
      heapUsed: [33m22043680[39m,
      external: [33m2624613[39m,
      arrayBuffers: [33m427620[39m
    }
  },
  os: {
    loadavg: [ [33m2.59228515625[39m, [33m2.14599609375[39m, [33m1.8466796875[39m ],
    uptime: [33m389566[39m
  },
  trace: [
    {
      column: [33m19[39m,
      file: [32m'/Users/mensenvau/Projects/tech_award/back-end/database/mysql.js'[39m,
      function: [32m'getRow'[39m,
      line: [33m26[39m,
      method: [1mnull[22m,
      native: [33mfalse[39m
    },
    {
      column: [33m5[39m,
      file: [32m'node:internal/process/task_queues'[39m,
      function: [32m'process.processTicksAndRejections'[39m,
      line: [33m95[39m,
      method: [32m'processTicksAndRejections'[39m,
      native: [33mfalse[39m
    },
    {
      column: [33m19[39m,
      file: [32m'/Users/mensenvau/Projects/tech_award/back-end/function/nlp.js'[39m,
      function: [32m'async checkMatch'[39m,
      line: [33m44[39m,
      method: [1mnull[22m,
      native: [33mfalse[39m
    }
  ],
  stack: [
    [32m'Error: Server error, MYSQL has an error!, read ECONNRESET'[39m,
    [32m'    at getRow (/Users/mensenvau/Projects/tech_award/back-end/database/mysql.js:26:19)'[39m,
    [32m'    at process.processTicksAndRejections (node:internal/process/task_queues:95:5)'[39m,
    [32m'    at async checkMatch (/Users/mensenvau/Projects/tech_award/back-end/function/nlp.js:44:19)'[39m
  ]
}
[31merror[39m: [SbEvent] uncaughtException: Server error, MYSQL has an error!, read ECONNRESET 
{
  date: [32m'Sun Oct 15 2023 08:48:24 GMT+0500 (GMT+05:00)'[39m,
  process: {
    pid: [33m68168[39m,
    uid: [33m501[39m,
    gid: [33m20[39m,
    cwd: [32m'/Users/mensenvau/Projects/tech_award/back-end'[39m,
    execPath: [32m'/opt/homebrew/Cellar/node/20.8.0/bin/node'[39m,
    version: [32m'v20.8.0'[39m,
    argv: [
      [32m'/opt/homebrew/Cellar/node/20.8.0/bin/node'[39m,
      [32m'/Users/mensenvau/Projects/tech_award/back-end/app.js'[39m
    ],
    memoryUsage: {
      rss: [33m57868288[39m,
      heapTotal: [33m37076992[39m,
      heapUsed: [33m22109568[39m,
      external: [33m2624613[39m,
      arrayBuffers: [33m427620[39m
    }
  },
  os: {
    loadavg: [ [33m2.59228515625[39m, [33m2.14599609375[39m, [33m1.8466796875[39m ],
    uptime: [33m389566[39m
  },
  trace: [
    {
      column: [33m19[39m,
      file: [32m'/Users/mensenvau/Projects/tech_award/back-end/database/mysql.js'[39m,
      function: [32m'getRow'[39m,
      line: [33m26[39m,
      method: [1mnull[22m,
      native: [33mfalse[39m
    },
    {
      column: [33m5[39m,
      file: [32m'node:internal/process/task_queues'[39m,
      function: [32m'process.processTicksAndRejections'[39m,
      line: [33m95[39m,
      method: [32m'processTicksAndRejections'[39m,
      native: [33mfalse[39m
    },
    {
      column: [33m19[39m,
      file: [32m'/Users/mensenvau/Projects/tech_award/back-end/function/nlp.js'[39m,
      function: [32m'async checkMatch'[39m,
      line: [33m44[39m,
      method: [1mnull[22m,
      native: [33mfalse[39m
    }
  ],
  stack: [
    [32m'Error: Server error, MYSQL has an error!, read ECONNRESET'[39m,
    [32m'    at getRow (/Users/mensenvau/Projects/tech_award/back-end/database/mysql.js:26:19)'[39m,
    [32m'    at process.processTicksAndRejections (node:internal/process/task_queues:95:5)'[39m,
    [32m'    at async checkMatch (/Users/mensenvau/Projects/tech_award/back-end/function/nlp.js:44:19)'[39m
  ]
}
[31merror[39m: [ExitHandler] uncaughtException: Server error, MYSQL has an error!, read ECONNRESET 
{
  date: [32m'Sun Oct 15 2023 08:48:24 GMT+0500 (GMT+05:00)'[39m,
  process: {
    pid: [33m68168[39m,
    uid: [33m501[39m,
    gid: [33m20[39m,
    cwd: [32m'/Users/mensenvau/Projects/tech_award/back-end'[39m,
    execPath: [32m'/opt/homebrew/Cellar/node/20.8.0/bin/node'[39m,
    version: [32m'v20.8.0'[39m,
    argv: [
      [32m'/opt/homebrew/Cellar/node/20.8.0/bin/node'[39m,
      [32m'/Users/mensenvau/Projects/tech_award/back-end/app.js'[39m
    ],
    memoryUsage: {
      rss: [33m57933824[39m,
      heapTotal: [33m37076992[39m,
      heapUsed: [33m22175208[39m,
      external: [33m2624613[39m,
      arrayBuffers: [33m427620[39m
    }
  },
  os: {
    loadavg: [ [33m2.59228515625[39m, [33m2.14599609375[39m, [33m1.8466796875[39m ],
    uptime: [33m389566[39m
  },
  trace: [
    {
      column: [33m19[39m,
      file: [32m'/Users/mensenvau/Projects/tech_award/back-end/database/mysql.js'[39m,
      function: [32m'getRow'[39m,
      line: [33m26[39m,
      method: [1mnull[22m,
      native: [33mfalse[39m
    },
    {
      column: [33m5[39m,
      file: [32m'node:internal/process/task_queues'[39m,
      function: [32m'process.processTicksAndRejections'[39m,
      line: [33m95[39m,
      method: [32m'processTicksAndRejections'[39m,
      native: [33mfalse[39m
    },
    {
      column: [33m19[39m,
      file: [32m'/Users/mensenvau/Projects/tech_award/back-end/function/nlp.js'[39m,
      function: [32m'async checkMatch'[39m,
      line: [33m44[39m,
      method: [1mnull[22m,
      native: [33mfalse[39m
    }
  ],
  stack: [
    [32m'Error: Server error, MYSQL has an error!, read ECONNRESET'[39m,
    [32m'    at getRow (/Users/mensenvau/Projects/tech_award/back-end/database/mysql.js:26:19)'[39m,
    [32m'    at process.processTicksAndRejections (node:internal/process/task_queues:95:5)'[39m,
    [32m'    at async checkMatch (/Users/mensenvau/Projects/tech_award/back-end/function/nlp.js:44:19)'[39m
  ]
}
